#
# There is insufficient memory for the Java Runtime Environment to continue.
# Native memory allocation (malloc) failed to allocate 226992 bytes for Chunk::new
# Possible reasons:
#   The system is out of physical RAM or swap space
#   The process is running with CompressedOops enabled, and the Java Heap may be blocking the growth of the native heap
# Possible solutions:
#   Reduce memory load on the system
#   Increase physical memory or swap space
#   Check if swap backing store is full
#   Decrease Java heap size (-Xmx/-Xms)
#   Decrease number of Java threads
#   Decrease Java thread stack sizes (-Xss)
#   Set larger code cache with -XX:ReservedCodeCacheSize=
#   JVM is running with Zero Based Compressed Oops mode in which the Java heap is
#     placed in the first 32GB address space. The Java Heap base address is the
#     maximum limit for the native heap growth. Please use -XX:HeapBaseMinAddress
#     to set the Java Heap base and to place the Java Heap above 32GB virtual address.
# This output file may be truncated or incomplete.
#
#  Out of Memory Error (./open/src/hotspot/share/memory/arena.cpp:195), pid=20912, tid=18036
#
# JRE version: Java(TM) SE Runtime Environment (15.0.1+9) (build 15.0.1+9-18)
# Java VM: Java HotSpot(TM) 64-Bit Server VM (15.0.1+9-18, mixed mode, sharing, tiered, compressed oops, g1 gc, windows-amd64)
# No core dump will be written. Minidumps are not enabled by default on client versions of Windows
#

---------------  S U M M A R Y ------------

Command Line: -Dfile.encoding=Cp1252 -XX:+ShowCodeDetailsInExceptionMessages application.CalculatorMain

Host: AMD Ryzen 5 5600X 6-Core Processor             , 12 cores, 63G,  Windows 10 , 64 bit Build 19041 (10.0.19041.546)
Time: Mon Nov 16 00:26:54 2020 Romance Standard Time elapsed time: 0.868157 seconds (0d 0h 0m 0s)

---------------  T H R E A D  ---------------

Current thread (0x000001de7372e420):  JavaThread "C2 CompilerThread0" daemon [_thread_in_native, id=18036, stack(0x0000006563800000,0x0000006563900000)]


Current CompileTask:
C2:    868 1648       4       sun.java2d.SunGraphics2D::setColor (108 bytes)

Stack: [0x0000006563800000,0x0000006563900000]
Native frames: (J=compiled Java code, j=interpreted, Vv=VM code, C=native code)
V  [jvm.dll+0x62ae9a]
V  [jvm.dll+0x781389]
V  [jvm.dll+0x782ae3]
V  [jvm.dll+0x783143]
V  [jvm.dll+0x216265]
V  [jvm.dll+0x97efa]
V  [jvm.dll+0x985dc]
V  [jvm.dll+0x32e525]
V  [jvm.dll+0x2f78aa]
V  [jvm.dll+0x2f6c6a]
V  [jvm.dll+0x1ea645]
V  [jvm.dll+0x1e98ae]
V  [jvm.dll+0x1784c7]
V  [jvm.dll+0x1f9165]
V  [jvm.dll+0x1f720c]
V  [jvm.dll+0x74485d]
V  [jvm.dll+0x73d65a]
V  [jvm.dll+0x629c56]
C  [ucrtbase.dll+0x214c2]
C  [KERNEL32.DLL+0x17034]
C  [ntdll.dll+0x4cec1]


---------------  P R O C E S S  ---------------

Threads class SMR info:
_java_thread_list=0x000001de7f475f60, length=17, elements={
0x000001de7370a590, 0x000001de7370b810, 0x000001de73727500, 0x000001de73727ec0,
0x000001de7372a7d0, 0x000001de7372e420, 0x000001de746d4680, 0x000001de746ae380,
0x000001de747fe980, 0x000001de74809f40, 0x000001de74c9b9a0, 0x000001de74c52b20,
0x000001de74c55870, 0x000001de7ee155d0, 0x000001de7ee56710, 0x000001de7eecb620,
0x000001de74f609c0
}

Java Threads: ( => current thread )
  0x000001de7370a590 JavaThread "Reference Handler" daemon [_thread_blocked, id=7648, stack(0x0000006563300000,0x0000006563400000)]
  0x000001de7370b810 JavaThread "Finalizer" daemon [_thread_blocked, id=14952, stack(0x0000006563400000,0x0000006563500000)]
  0x000001de73727500 JavaThread "Signal Dispatcher" daemon [_thread_blocked, id=7220, stack(0x0000006563500000,0x0000006563600000)]
  0x000001de73727ec0 JavaThread "Attach Listener" daemon [_thread_blocked, id=17488, stack(0x0000006563600000,0x0000006563700000)]
  0x000001de7372a7d0 JavaThread "Service Thread" daemon [_thread_blocked, id=4424, stack(0x0000006563700000,0x0000006563800000)]
=>0x000001de7372e420 JavaThread "C2 CompilerThread0" daemon [_thread_in_native, id=18036, stack(0x0000006563800000,0x0000006563900000)]
  0x000001de746d4680 JavaThread "C1 CompilerThread0" daemon [_thread_blocked, id=3792, stack(0x0000006563900000,0x0000006563a00000)]
  0x000001de746ae380 JavaThread "Sweeper thread" daemon [_thread_blocked, id=14924, stack(0x0000006563a00000,0x0000006563b00000)]
  0x000001de747fe980 JavaThread "Notification Thread" daemon [_thread_blocked, id=14012, stack(0x0000006563b00000,0x0000006563c00000)]
  0x000001de74809f40 JavaThread "Common-Cleaner" daemon [_thread_blocked, id=9876, stack(0x0000006563d00000,0x0000006563e00000)]
  0x000001de74c9b9a0 JavaThread "Java2D Disposer" daemon [_thread_blocked, id=13528, stack(0x0000006563e00000,0x0000006563f00000)]
  0x000001de74c52b20 JavaThread "AWT-Shutdown" [_thread_blocked, id=4724, stack(0x0000006563f00000,0x0000006564000000)]
  0x000001de74c55870 JavaThread "AWT-Windows" daemon [_thread_in_native, id=15148, stack(0x0000006564000000,0x0000006564100000)]
  0x000001de7ee155d0 JavaThread "AWT-EventQueue-0" [_thread_in_native, id=1848, stack(0x0000006564300000,0x0000006564400000)]
  0x000001de7ee56710 JavaThread "Image Fetcher 0" daemon [_thread_blocked, id=12824, stack(0x0000006564400000,0x0000006564500000)]
  0x000001de7eecb620 JavaThread "C2 CompilerThread1" daemon [_thread_blocked, id=12916, stack(0x0000006564500000,0x0000006564600000)]
  0x000001de74f609c0 JavaThread "DestroyJavaVM" [_thread_blocked, id=19896, stack(0x0000006562c00000,0x0000006562d00000)]

Other Threads:
  0x000001de73706650 VMThread "VM Thread" [stack: 0x0000006563200000,0x0000006563300000] [id=3528]
  0x000001de74809c30 WatcherThread [stack: 0x0000006563c00000,0x0000006563d00000] [id=14592]
  0x000001de53a185a0 GCTaskThread "GC Thread#0" [stack: 0x0000006562d00000,0x0000006562e00000] [id=21028]
  0x000001de53a2af00 ConcurrentGCThread "G1 Main Marker" [stack: 0x0000006562e00000,0x0000006562f00000] [id=9904]
  0x000001de53a2ba80 ConcurrentGCThread "G1 Conc#0" [stack: 0x0000006562f00000,0x0000006563000000] [id=21032]
  0x000001de7369e020 ConcurrentGCThread "G1 Refine#0" [stack: 0x0000006563000000,0x0000006563100000] [id=3024]
  0x000001de736a0790 ConcurrentGCThread "G1 Young RemSet Sampling" [stack: 0x0000006563100000,0x0000006563200000] [id=15608]

Threads with active compile tasks:
C2 CompilerThread0      878 1648       4       sun.java2d.SunGraphics2D::setColor (108 bytes)

VM state: not at safepoint (normal execution)

VM Mutex/Monitor currently owned by a thread: None

Heap address: 0x0000000400800000, size: 16376 MB, Compressed Oops mode: Zero based, Oop shift amount: 3
CDS archive(s) mapped at: [0x0000000800000000-0x0000000800b50000-0x0000000800b50000), size 11862016, SharedBaseAddress: 0x0000000800000000, ArchiveRelocationMode: 0.
Compressed class space mapped at: 0x0000000800b50000-0x0000000840b50000, size: 1073741824
Narrow klass base: 0x0000000800000000, Narrow klass shift: 3, Narrow klass range: 0x100000000

GC Precious Log:
 CPUs: 12 total, 12 available
 Memory: 65480M
 Large Page Support: Disabled
 NUMA Support: Disabled
 Compressed Oops: Enabled (Zero based)
 Heap Region Size: 8M
 Heap Min Capacity: 8M
 Heap Initial Capacity: 1G
 Heap Max Capacity: 16376M
 Pre-touch: Disabled
 Parallel Workers: 10
 Concurrent Workers: 3
 Concurrent Refinement Workers: 10
 Periodic GC: Disabled

Heap:
 garbage-first heap   total 1048576K, used 49152K [0x0000000400800000, 0x0000000800000000)
  region size 8192K, 5 young (40960K), 0 survivors (0K)
 Metaspace       used 8022K, capacity 8234K, committed 8448K, reserved 1056768K
  class space    used 830K, capacity 902K, committed 1024K, reserved 1048576K

Heap Regions: E=young(eden), S=young(survivor), O=old, HS=humongous(starts), HC=humongous(continues), CS=collection set, F=free, OA=open archive, CA=closed archive, TAMS=top-at-mark-start (previous, next)
|   0|0x0000000400800000, 0x0000000401000000, 0x0000000401000000|100%|HS|  |TAMS 0x0000000400800000, 0x0000000400800000| Complete 
|   1|0x0000000401000000, 0x0000000401800000, 0x0000000401800000|100%|HC|  |TAMS 0x0000000401000000, 0x0000000401000000| Complete 
|   2|0x0000000401800000, 0x0000000401800000, 0x0000000402000000|  0%| F|  |TAMS 0x0000000401800000, 0x0000000401800000| Untracked 
|   3|0x0000000402000000, 0x0000000402000000, 0x0000000402800000|  0%| F|  |TAMS 0x0000000402000000, 0x0000000402000000| Untracked 
|   4|0x0000000402800000, 0x0000000402800000, 0x0000000403000000|  0%| F|  |TAMS 0x0000000402800000, 0x0000000402800000| Untracked 
|   5|0x0000000403000000, 0x0000000403000000, 0x0000000403800000|  0%| F|  |TAMS 0x0000000403000000, 0x0000000403000000| Untracked 
|   6|0x0000000403800000, 0x0000000403800000, 0x0000000404000000|  0%| F|  |TAMS 0x0000000403800000, 0x0000000403800000| Untracked 
|   7|0x0000000404000000, 0x0000000404000000, 0x0000000404800000|  0%| F|  |TAMS 0x0000000404000000, 0x0000000404000000| Untracked 
|   8|0x0000000404800000, 0x0000000404800000, 0x0000000405000000|  0%| F|  |TAMS 0x0000000404800000, 0x0000000404800000| Untracked 
|   9|0x0000000405000000, 0x0000000405000000, 0x0000000405800000|  0%| F|  |TAMS 0x0000000405000000, 0x0000000405000000| Untracked 
|  10|0x0000000405800000, 0x0000000405800000, 0x0000000406000000|  0%| F|  |TAMS 0x0000000405800000, 0x0000000405800000| Untracked 
|  11|0x0000000406000000, 0x0000000406000000, 0x0000000406800000|  0%| F|  |TAMS 0x0000000406000000, 0x0000000406000000| Untracked 
|  12|0x0000000406800000, 0x0000000406800000, 0x0000000407000000|  0%| F|  |TAMS 0x0000000406800000, 0x0000000406800000| Untracked 
|  13|0x0000000407000000, 0x0000000407000000, 0x0000000407800000|  0%| F|  |TAMS 0x0000000407000000, 0x0000000407000000| Untracked 
|  14|0x0000000407800000, 0x0000000407800000, 0x0000000408000000|  0%| F|  |TAMS 0x0000000407800000, 0x0000000407800000| Untracked 
|  15|0x0000000408000000, 0x0000000408000000, 0x0000000408800000|  0%| F|  |TAMS 0x0000000408000000, 0x0000000408000000| Untracked 
|  16|0x0000000408800000, 0x0000000408800000, 0x0000000409000000|  0%| F|  |TAMS 0x0000000408800000, 0x0000000408800000| Untracked 
|  17|0x0000000409000000, 0x0000000409000000, 0x0000000409800000|  0%| F|  |TAMS 0x0000000409000000, 0x0000000409000000| Untracked 
|  18|0x0000000409800000, 0x0000000409800000, 0x000000040a000000|  0%| F|  |TAMS 0x0000000409800000, 0x0000000409800000| Untracked 
|  19|0x000000040a000000, 0x000000040a000000, 0x000000040a800000|  0%| F|  |TAMS 0x000000040a000000, 0x000000040a000000| Untracked 
|  20|0x000000040a800000, 0x000000040a800000, 0x000000040b000000|  0%| F|  |TAMS 0x000000040a800000, 0x000000040a800000| Untracked 
|  21|0x000000040b000000, 0x000000040b000000, 0x000000040b800000|  0%| F|  |TAMS 0x000000040b000000, 0x000000040b000000| Untracked 
|  22|0x000000040b800000, 0x000000040b800000, 0x000000040c000000|  0%| F|  |TAMS 0x000000040b800000, 0x000000040b800000| Untracked 
|  23|0x000000040c000000, 0x000000040c000000, 0x000000040c800000|  0%| F|  |TAMS 0x000000040c000000, 0x000000040c000000| Untracked 
|  24|0x000000040c800000, 0x000000040c800000, 0x000000040d000000|  0%| F|  |TAMS 0x000000040c800000, 0x000000040c800000| Untracked 
|  25|0x000000040d000000, 0x000000040d000000, 0x000000040d800000|  0%| F|  |TAMS 0x000000040d000000, 0x000000040d000000| Untracked 
|  26|0x000000040d800000, 0x000000040d800000, 0x000000040e000000|  0%| F|  |TAMS 0x000000040d800000, 0x000000040d800000| Untracked 
|  27|0x000000040e000000, 0x000000040e000000, 0x000000040e800000|  0%| F|  |TAMS 0x000000040e000000, 0x000000040e000000| Untracked 
|  28|0x000000040e800000, 0x000000040e800000, 0x000000040f000000|  0%| F|  |TAMS 0x000000040e800000, 0x000000040e800000| Untracked 
|  29|0x000000040f000000, 0x000000040f000000, 0x000000040f800000|  0%| F|  |TAMS 0x000000040f000000, 0x000000040f000000| Untracked 
|  30|0x000000040f800000, 0x000000040f800000, 0x0000000410000000|  0%| F|  |TAMS 0x000000040f800000, 0x000000040f800000| Untracked 
|  31|0x0000000410000000, 0x0000000410000000, 0x0000000410800000|  0%| F|  |TAMS 0x0000000410000000, 0x0000000410000000| Untracked 
|  32|0x0000000410800000, 0x0000000410800000, 0x0000000411000000|  0%| F|  |TAMS 0x0000000410800000, 0x0000000410800000| Untracked 
|  33|0x0000000411000000, 0x0000000411000000, 0x0000000411800000|  0%| F|  |TAMS 0x0000000411000000, 0x0000000411000000| Untracked 
|  34|0x0000000411800000, 0x0000000411800000, 0x0000000412000000|  0%| F|  |TAMS 0x0000000411800000, 0x0000000411800000| Untracked 
|  35|0x0000000412000000, 0x0000000412000000, 0x0000000412800000|  0%| F|  |TAMS 0x0000000412000000, 0x0000000412000000| Untracked 
|  36|0x0000000412800000, 0x0000000412800000, 0x0000000413000000|  0%| F|  |TAMS 0x0000000412800000, 0x0000000412800000| Untracked 
|  37|0x0000000413000000, 0x0000000413000000, 0x0000000413800000|  0%| F|  |TAMS 0x0000000413000000, 0x0000000413000000| Untracked 
|  38|0x0000000413800000, 0x0000000413800000, 0x0000000414000000|  0%| F|  |TAMS 0x0000000413800000, 0x0000000413800000| Untracked 
|  39|0x0000000414000000, 0x0000000414000000, 0x0000000414800000|  0%| F|  |TAMS 0x0000000414000000, 0x0000000414000000| Untracked 
|  40|0x0000000414800000, 0x0000000414800000, 0x0000000415000000|  0%| F|  |TAMS 0x0000000414800000, 0x0000000414800000| Untracked 
|  41|0x0000000415000000, 0x0000000415000000, 0x0000000415800000|  0%| F|  |TAMS 0x0000000415000000, 0x0000000415000000| Untracked 
|  42|0x0000000415800000, 0x0000000415800000, 0x0000000416000000|  0%| F|  |TAMS 0x0000000415800000, 0x0000000415800000| Untracked 
|  43|0x0000000416000000, 0x0000000416000000, 0x0000000416800000|  0%| F|  |TAMS 0x0000000416000000, 0x0000000416000000| Untracked 
|  44|0x0000000416800000, 0x0000000416800000, 0x0000000417000000|  0%| F|  |TAMS 0x0000000416800000, 0x0000000416800000| Untracked 
|  45|0x0000000417000000, 0x0000000417000000, 0x0000000417800000|  0%| F|  |TAMS 0x0000000417000000, 0x0000000417000000| Untracked 
|  46|0x0000000417800000, 0x0000000417800000, 0x0000000418000000|  0%| F|  |TAMS 0x0000000417800000, 0x0000000417800000| Untracked 
|  47|0x0000000418000000, 0x0000000418000000, 0x0000000418800000|  0%| F|  |TAMS 0x0000000418000000, 0x0000000418000000| Untracked 
|  48|0x0000000418800000, 0x0000000418800000, 0x0000000419000000|  0%| F|  |TAMS 0x0000000418800000, 0x0000000418800000| Untracked 
|  49|0x0000000419000000, 0x0000000419000000, 0x0000000419800000|  0%| F|  |TAMS 0x0000000419000000, 0x0000000419000000| Untracked 
|  50|0x0000000419800000, 0x0000000419800000, 0x000000041a000000|  0%| F|  |TAMS 0x0000000419800000, 0x0000000419800000| Untracked 
|  51|0x000000041a000000, 0x000000041a000000, 0x000000041a800000|  0%| F|  |TAMS 0x000000041a000000, 0x000000041a000000| Untracked 
|  52|0x000000041a800000, 0x000000041a800000, 0x000000041b000000|  0%| F|  |TAMS 0x000000041a800000, 0x000000041a800000| Untracked 
|  53|0x000000041b000000, 0x000000041b000000, 0x000000041b800000|  0%| F|  |TAMS 0x000000041b000000, 0x000000041b000000| Untracked 
|  54|0x000000041b800000, 0x000000041b800000, 0x000000041c000000|  0%| F|  |TAMS 0x000000041b800000, 0x000000041b800000| Untracked 
|  55|0x000000041c000000, 0x000000041c000000, 0x000000041c800000|  0%| F|  |TAMS 0x000000041c000000, 0x000000041c000000| Untracked 
|  56|0x000000041c800000, 0x000000041c800000, 0x000000041d000000|  0%| F|  |TAMS 0x000000041c800000, 0x000000041c800000| Untracked 
|  57|0x000000041d000000, 0x000000041d000000, 0x000000041d800000|  0%| F|  |TAMS 0x000000041d000000, 0x000000041d000000| Untracked 
|  58|0x000000041d800000, 0x000000041d800000, 0x000000041e000000|  0%| F|  |TAMS 0x000000041d800000, 0x000000041d800000| Untracked 
|  59|0x000000041e000000, 0x000000041e000000, 0x000000041e800000|  0%| F|  |TAMS 0x000000041e000000, 0x000000041e000000| Untracked 
|  60|0x000000041e800000, 0x000000041e800000, 0x000000041f000000|  0%| F|  |TAMS 0x000000041e800000, 0x000000041e800000| Untracked 
|  61|0x000000041f000000, 0x000000041f000000, 0x000000041f800000|  0%| F|  |TAMS 0x000000041f000000, 0x000000041f000000| Untracked 
|  62|0x000000041f800000, 0x000000041f800000, 0x0000000420000000|  0%| F|  |TAMS 0x000000041f800000, 0x000000041f800000| Untracked 
|  63|0x0000000420000000, 0x0000000420000000, 0x0000000420800000|  0%| F|  |TAMS 0x0000000420000000, 0x0000000420000000| Untracked 
|  64|0x0000000420800000, 0x0000000420800000, 0x0000000421000000|  0%| F|  |TAMS 0x0000000420800000, 0x0000000420800000| Untracked 
|  65|0x0000000421000000, 0x0000000421000000, 0x0000000421800000|  0%| F|  |TAMS 0x0000000421000000, 0x0000000421000000| Untracked 
|  66|0x0000000421800000, 0x0000000421800000, 0x0000000422000000|  0%| F|  |TAMS 0x0000000421800000, 0x0000000421800000| Untracked 
|  67|0x0000000422000000, 0x0000000422000000, 0x0000000422800000|  0%| F|  |TAMS 0x0000000422000000, 0x0000000422000000| Untracked 
|  68|0x0000000422800000, 0x0000000422800000, 0x0000000423000000|  0%| F|  |TAMS 0x0000000422800000, 0x0000000422800000| Untracked 
|  69|0x0000000423000000, 0x0000000423000000, 0x0000000423800000|  0%| F|  |TAMS 0x0000000423000000, 0x0000000423000000| Untracked 
|  70|0x0000000423800000, 0x0000000423800000, 0x0000000424000000|  0%| F|  |TAMS 0x0000000423800000, 0x0000000423800000| Untracked 
|  71|0x0000000424000000, 0x0000000424000000, 0x0000000424800000|  0%| F|  |TAMS 0x0000000424000000, 0x0000000424000000| Untracked 
|  72|0x0000000424800000, 0x0000000424800000, 0x0000000425000000|  0%| F|  |TAMS 0x0000000424800000, 0x0000000424800000| Untracked 
|  73|0x0000000425000000, 0x0000000425000000, 0x0000000425800000|  0%| F|  |TAMS 0x0000000425000000, 0x0000000425000000| Untracked 
|  74|0x0000000425800000, 0x0000000425800000, 0x0000000426000000|  0%| F|  |TAMS 0x0000000425800000, 0x0000000425800000| Untracked 
|  75|0x0000000426000000, 0x0000000426000000, 0x0000000426800000|  0%| F|  |TAMS 0x0000000426000000, 0x0000000426000000| Untracked 
|  76|0x0000000426800000, 0x0000000426800000, 0x0000000427000000|  0%| F|  |TAMS 0x0000000426800000, 0x0000000426800000| Untracked 
|  77|0x0000000427000000, 0x0000000427000000, 0x0000000427800000|  0%| F|  |TAMS 0x0000000427000000, 0x0000000427000000| Untracked 
|  78|0x0000000427800000, 0x0000000427800000, 0x0000000428000000|  0%| F|  |TAMS 0x0000000427800000, 0x0000000427800000| Untracked 
|  79|0x0000000428000000, 0x0000000428000000, 0x0000000428800000|  0%| F|  |TAMS 0x0000000428000000, 0x0000000428000000| Untracked 
|  80|0x0000000428800000, 0x0000000428800000, 0x0000000429000000|  0%| F|  |TAMS 0x0000000428800000, 0x0000000428800000| Untracked 
|  81|0x0000000429000000, 0x0000000429000000, 0x0000000429800000|  0%| F|  |TAMS 0x0000000429000000, 0x0000000429000000| Untracked 
|  82|0x0000000429800000, 0x0000000429800000, 0x000000042a000000|  0%| F|  |TAMS 0x0000000429800000, 0x0000000429800000| Untracked 
|  83|0x000000042a000000, 0x000000042a000000, 0x000000042a800000|  0%| F|  |TAMS 0x000000042a000000, 0x000000042a000000| Untracked 
|  84|0x000000042a800000, 0x000000042a800000, 0x000000042b000000|  0%| F|  |TAMS 0x000000042a800000, 0x000000042a800000| Untracked 
|  85|0x000000042b000000, 0x000000042b000000, 0x000000042b800000|  0%| F|  |TAMS 0x000000042b000000, 0x000000042b000000| Untracked 
|  86|0x000000042b800000, 0x000000042b800000, 0x000000042c000000|  0%| F|  |TAMS 0x000000042b800000, 0x000000042b800000| Untracked 
|  87|0x000000042c000000, 0x000000042c000000, 0x000000042c800000|  0%| F|  |TAMS 0x000000042c000000, 0x000000042c000000| Untracked 
|  88|0x000000042c800000, 0x000000042c800000, 0x000000042d000000|  0%| F|  |TAMS 0x000000042c800000, 0x000000042c800000| Untracked 
|  89|0x000000042d000000, 0x000000042d000000, 0x000000042d800000|  0%| F|  |TAMS 0x000000042d000000, 0x000000042d000000| Untracked 
|  90|0x000000042d800000, 0x000000042d800000, 0x000000042e000000|  0%| F|  |TAMS 0x000000042d800000, 0x000000042d800000| Untracked 
|  91|0x000000042e000000, 0x000000042e000000, 0x000000042e800000|  0%| F|  |TAMS 0x000000042e000000, 0x000000042e000000| Untracked 
|  92|0x000000042e800000, 0x000000042e800000, 0x000000042f000000|  0%| F|  |TAMS 0x000000042e800000, 0x000000042e800000| Untracked 
|  93|0x000000042f000000, 0x000000042f000000, 0x000000042f800000|  0%| F|  |TAMS 0x000000042f000000, 0x000000042f000000| Untracked 
|  94|0x000000042f800000, 0x000000042f800000, 0x0000000430000000|  0%| F|  |TAMS 0x000000042f800000, 0x000000042f800000| Untracked 
|  95|0x0000000430000000, 0x0000000430000000, 0x0000000430800000|  0%| F|  |TAMS 0x0000000430000000, 0x0000000430000000| Untracked 
|  96|0x0000000430800000, 0x0000000430800000, 0x0000000431000000|  0%| F|  |TAMS 0x0000000430800000, 0x0000000430800000| Untracked 
|  97|0x0000000431000000, 0x0000000431000000, 0x0000000431800000|  0%| F|  |TAMS 0x0000000431000000, 0x0000000431000000| Untracked 
|  98|0x0000000431800000, 0x0000000431800000, 0x0000000432000000|  0%| F|  |TAMS 0x0000000431800000, 0x0000000431800000| Untracked 
|  99|0x0000000432000000, 0x0000000432000000, 0x0000000432800000|  0%| F|  |TAMS 0x0000000432000000, 0x0000000432000000| Untracked 
| 100|0x0000000432800000, 0x0000000432800000, 0x0000000433000000|  0%| F|  |TAMS 0x0000000432800000, 0x0000000432800000| Untracked 
| 101|0x0000000433000000, 0x0000000433000000, 0x0000000433800000|  0%| F|  |TAMS 0x0000000433000000, 0x0000000433000000| Untracked 
| 102|0x0000000433800000, 0x0000000433800000, 0x0000000434000000|  0%| F|  |TAMS 0x0000000433800000, 0x0000000433800000| Untracked 
| 103|0x0000000434000000, 0x0000000434000000, 0x0000000434800000|  0%| F|  |TAMS 0x0000000434000000, 0x0000000434000000| Untracked 
| 104|0x0000000434800000, 0x0000000434800000, 0x0000000435000000|  0%| F|  |TAMS 0x0000000434800000, 0x0000000434800000| Untracked 
| 105|0x0000000435000000, 0x0000000435000000, 0x0000000435800000|  0%| F|  |TAMS 0x0000000435000000, 0x0000000435000000| Untracked 
| 106|0x0000000435800000, 0x0000000435800000, 0x0000000436000000|  0%| F|  |TAMS 0x0000000435800000, 0x0000000435800000| Untracked 
| 107|0x0000000436000000, 0x0000000436000000, 0x0000000436800000|  0%| F|  |TAMS 0x0000000436000000, 0x0000000436000000| Untracked 
| 108|0x0000000436800000, 0x0000000436800000, 0x0000000437000000|  0%| F|  |TAMS 0x0000000436800000, 0x0000000436800000| Untracked 
| 109|0x0000000437000000, 0x0000000437000000, 0x0000000437800000|  0%| F|  |TAMS 0x0000000437000000, 0x0000000437000000| Untracked 
| 110|0x0000000437800000, 0x0000000437800000, 0x0000000438000000|  0%| F|  |TAMS 0x0000000437800000, 0x0000000437800000| Untracked 
| 111|0x0000000438000000, 0x0000000438000000, 0x0000000438800000|  0%| F|  |TAMS 0x0000000438000000, 0x0000000438000000| Untracked 
| 112|0x0000000438800000, 0x0000000438800000, 0x0000000439000000|  0%| F|  |TAMS 0x0000000438800000, 0x0000000438800000| Untracked 
| 113|0x0000000439000000, 0x0000000439000000, 0x0000000439800000|  0%| F|  |TAMS 0x0000000439000000, 0x0000000439000000| Untracked 
| 114|0x0000000439800000, 0x0000000439800000, 0x000000043a000000|  0%| F|  |TAMS 0x0000000439800000, 0x0000000439800000| Untracked 
| 115|0x000000043a000000, 0x000000043a000000, 0x000000043a800000|  0%| F|  |TAMS 0x000000043a000000, 0x000000043a000000| Untracked 
| 116|0x000000043a800000, 0x000000043a800000, 0x000000043b000000|  0%| F|  |TAMS 0x000000043a800000, 0x000000043a800000| Untracked 
| 117|0x000000043b000000, 0x000000043b000000, 0x000000043b800000|  0%| F|  |TAMS 0x000000043b000000, 0x000000043b000000| Untracked 
| 118|0x000000043b800000, 0x000000043b800000, 0x000000043c000000|  0%| F|  |TAMS 0x000000043b800000, 0x000000043b800000| Untracked 
| 119|0x000000043c000000, 0x000000043c000000, 0x000000043c800000|  0%| F|  |TAMS 0x000000043c000000, 0x000000043c000000| Untracked 
| 120|0x000000043c800000, 0x000000043c800000, 0x000000043d000000|  0%| F|  |TAMS 0x000000043c800000, 0x000000043c800000| Untracked 
| 121|0x000000043d000000, 0x000000043d000000, 0x000000043d800000|  0%| F|  |TAMS 0x000000043d000000, 0x000000043d000000| Untracked 
| 122|0x000000043d800000, 0x000000043d800000, 0x000000043e000000|  0%| F|  |TAMS 0x000000043d800000, 0x000000043d800000| Untracked 
| 123|0x000000043e000000, 0x000000043e5c5d10, 0x000000043e800000| 72%| E|  |TAMS 0x000000043e000000, 0x000000043e000000| Complete 
| 124|0x000000043e800000, 0x000000043f000000, 0x000000043f000000|100%| E|CS|TAMS 0x000000043e800000, 0x000000043e800000| Complete 
| 125|0x000000043f000000, 0x000000043f800000, 0x000000043f800000|100%| E|CS|TAMS 0x000000043f000000, 0x000000043f000000| Complete 
| 126|0x000000043f800000, 0x0000000440000000, 0x0000000440000000|100%| E|CS|TAMS 0x000000043f800000, 0x000000043f800000| Complete 
| 127|0x0000000440000000, 0x0000000440800000, 0x0000000440800000|100%| E|CS|TAMS 0x0000000440000000, 0x0000000440000000| Complete 

Card table byte_map: [0x000001de6d0f0000,0x000001de6f0f0000] _byte_map_base: 0x000001de6b0ec000

Marking Bits (Prev, Next): (CMBitMap*) 0x000001de53a19d30, (CMBitMap*) 0x000001de53a19d70
 Prev Bits: [0x000001de00000000, 0x000001de0ffe0000)
 Next Bits: [0x000001de0ffe0000, 0x000001de1ffc0000)

Polling page: 0x000001de53140000

Metaspace:

Usage:
  Non-class:      7.16 MB capacity,     7.02 MB ( 98%) used,   127.66 KB (  2%) free+waste,    11.62 KB ( <1%) overhead. 
      Class:    902.00 KB capacity,   830.12 KB ( 92%) used,    66.94 KB (  7%) free+waste,     4.94 KB ( <1%) overhead. 
       Both:      8.04 MB capacity,     7.83 MB ( 97%) used,   194.59 KB (  2%) free+waste,    16.56 KB ( <1%) overhead. 

Virtual space:
  Non-class space:        8.00 MB reserved,       7.25 MB ( 91%) committed 
      Class space:        1.00 GB reserved,       1.00 MB ( <1%) committed 
             Both:        1.01 GB reserved,       8.25 MB ( <1%) committed 

Chunk freelists:
   Non-Class:  28.00 KB
       Class:  26.00 KB
        Both:  54.00 KB

MaxMetaspaceSize: 17179869184.00 GB
CompressedClassSpaceSize: 1.00 GB

CodeHeap 'non-profiled nmethods': size=120000Kb used=650Kb max_used=650Kb free=119350Kb
 bounds [0x000001de63670000, 0x000001de638e0000, 0x000001de6aba0000]
CodeHeap 'profiled nmethods': size=120000Kb used=2909Kb max_used=2909Kb free=117090Kb
 bounds [0x000001de5c140000, 0x000001de5c420000, 0x000001de63670000]
CodeHeap 'non-nmethods': size=5760Kb used=1271Kb max_used=1300Kb free=4488Kb
 bounds [0x000001de5bba0000, 0x000001de5be10000, 0x000001de5c140000]
 total_blobs=2211 nmethods=1651 adapters=473
 compilation: enabled
              stopped_count=0, restarted_count=0
 full_count=0

Compilation events (20 events):
Event: 0.853 Thread 0x000001de746d4680 1640       1       sun.awt.image.VolatileSurfaceManager::getPrimarySurfaceData (5 bytes)
Event: 0.853 Thread 0x000001de746d4680 nmethod 1640 0x000001de6370f710 code [0x000001de6370f8a0, 0x000001de6370f958]
Event: 0.854 Thread 0x000001de746d4680 1641       1       sun.awt.image.SunVolatileImage::getWidth (5 bytes)
Event: 0.854 Thread 0x000001de746d4680 nmethod 1641 0x000001de6370fa10 code [0x000001de6370fba0, 0x000001de6370fc58]
Event: 0.854 Thread 0x000001de746d4680 1642       1       sun.awt.image.SunVolatileImage::getHeight (5 bytes)
Event: 0.854 Thread 0x000001de746d4680 nmethod 1642 0x000001de6370fd10 code [0x000001de6370fea0, 0x000001de6370ff58]
Event: 0.854 Thread 0x000001de746d4680 1643       1       jdk.internal.loader.URLClassPath$Loader::getBaseURL (5 bytes)
Event: 0.854 Thread 0x000001de746d4680 nmethod 1643 0x000001de63710010 code [0x000001de637101a0, 0x000001de63710258]
Event: 0.856 Thread 0x000001de7eecb620 1644       4       java.awt.geom.AffineTransform::equals (92 bytes)
Event: 0.857 Thread 0x000001de7eecb620 nmethod 1644 0x000001de63710310 code [0x000001de637104a0, 0x000001de637106b8]
Event: 0.861 Thread 0x000001de746d4680 1645       3       sun.java2d.pipe.DrawImage::isSimpleTranslate (31 bytes)
Event: 0.861 Thread 0x000001de746d4680 nmethod 1645 0x000001de5c411010 code [0x000001de5c4111a0, 0x000001de5c411378]
Event: 0.864 Thread 0x000001de7372e420 1646       4       sun.java2d.SunGraphics2D::transformShape (97 bytes)
Event: 0.864 Thread 0x000001de7eecb620 1647       4       java.awt.Rectangle::getBounds (24 bytes)
Event: 0.864 Thread 0x000001de7eecb620 nmethod 1647 0x000001de63710810 code [0x000001de637109a0, 0x000001de63710a78]
Event: 0.865 Thread 0x000001de7372e420 nmethod 1646 0x000001de63710b10 code [0x000001de63710ca0, 0x000001de63710e58]
Event: 0.865 Thread 0x000001de7372e420 1648       4       sun.java2d.SunGraphics2D::setColor (108 bytes)
Event: 0.865 Thread 0x000001de7eecb620 1649       4       sun.java2d.SunGraphics2D::create (8 bytes)
Event: 0.867 Thread 0x000001de7eecb620 nmethod 1649 0x000001de63711010 code [0x000001de637111a0, 0x000001de63711518]
Event: 0.867 Thread 0x000001de7eecb620 1650       4       sun.java2d.SunGraphics2D::dispose (12 bytes)

GC Heap History (0 events):
No events

Deoptimization events (20 events):
Event: 0.539 Thread 0x000001de7ee56710 DEOPT PACKING pc=0x000001de5c3241c5 sp=0x00000065644ff190
Event: 0.539 Thread 0x000001de7ee56710 DEOPT UNPACKING pc=0x000001de5bbee23f sp=0x00000065644fe6e0 mode 0
Event: 0.541 Thread 0x000001de5395c610 Uncommon trap: trap_request=0xffffff45 fr.pc=0x000001de636c6df4 relative=0x0000000000003514
Event: 0.541 Thread 0x000001de5395c610 Uncommon trap: reason=unstable_if action=reinterpret pc=0x000001de636c6df4 method=sun.nio.ch.Util$BufferCache.get(I)Ljava/nio/ByteBuffer; @ 47 c2
Event: 0.541 Thread 0x000001de5395c610 DEOPT PACKING pc=0x000001de636c6df4 sp=0x0000006562cfd6e0
Event: 0.541 Thread 0x000001de5395c610 DEOPT UNPACKING pc=0x000001de5bbee42f sp=0x0000006562cfd4a0 mode 2
Event: 0.543 Thread 0x000001de7ee56710 DEOPT PACKING pc=0x000001de5c3241c5 sp=0x00000065644ff190
Event: 0.543 Thread 0x000001de7ee56710 DEOPT UNPACKING pc=0x000001de5bbee23f sp=0x00000065644fe6e0 mode 0
Event: 0.545 Thread 0x000001de7ee56710 DEOPT PACKING pc=0x000001de5c3241c5 sp=0x00000065644ff190
Event: 0.545 Thread 0x000001de7ee56710 DEOPT UNPACKING pc=0x000001de5bbee23f sp=0x00000065644fe6e0 mode 0
Event: 0.548 Thread 0x000001de7ee56710 DEOPT PACKING pc=0x000001de5c3241c5 sp=0x00000065644ff190
Event: 0.548 Thread 0x000001de7ee56710 DEOPT UNPACKING pc=0x000001de5bbee23f sp=0x00000065644fe6e0 mode 0
Event: 0.551 Thread 0x000001de7ee56710 DEOPT PACKING pc=0x000001de5c3241c5 sp=0x00000065644ff190
Event: 0.551 Thread 0x000001de7ee56710 DEOPT UNPACKING pc=0x000001de5bbee23f sp=0x00000065644fe6e0 mode 0
Event: 0.553 Thread 0x000001de7ee56710 DEOPT PACKING pc=0x000001de5c3241c5 sp=0x00000065644ff190
Event: 0.553 Thread 0x000001de7ee56710 DEOPT UNPACKING pc=0x000001de5bbee23f sp=0x00000065644fe6e0 mode 0
Event: 0.556 Thread 0x000001de7ee56710 DEOPT PACKING pc=0x000001de5c3241c5 sp=0x00000065644ff190
Event: 0.556 Thread 0x000001de7ee56710 DEOPT UNPACKING pc=0x000001de5bbee23f sp=0x00000065644fe6e0 mode 0
Event: 0.559 Thread 0x000001de7ee56710 DEOPT PACKING pc=0x000001de5c3241c5 sp=0x00000065644ff190
Event: 0.559 Thread 0x000001de7ee56710 DEOPT UNPACKING pc=0x000001de5bbee23f sp=0x00000065644fe6e0 mode 0

Classes unloaded (0 events):
No events

Classes redefined (0 events):
No events

Internal exceptions (14 events):
Event: 0.038 Thread 0x000001de5395c610 Exception <a 'java/lang/NoSuchMethodError'{0x00000004400b3460}: 'void java.lang.invoke.DirectMethodHandle$Holder.invokeSpecial(java.lang.Object, java.lang.Object, java.lang.Object)'> (0x00000004400b3460) 
thrown [./open/src/hotspot/share/interpreter/linkResolver.cpp, line 782]
Event: 0.044 Thread 0x000001de5395c610 Exception <a 'java/lang/ClassNotFoundException'{0x00000004400d2f38}: sun/awt/resources/spi/awtProvider> (0x00000004400d2f38) 
thrown [./open/src/hotspot/share/classfile/systemDictionary.cpp, line 295]
Event: 0.056 Thread 0x000001de5395c610 Exception <a 'java/io/FileNotFoundException'{0x00000004402247b8}> (0x00000004402247b8) 
thrown [./open/src/hotspot/share/prims/jni.cpp, line 578]
Event: 0.060 Thread 0x000001de5395c610 Exception <a 'java/io/FileNotFoundException'{0x0000000440253048}> (0x0000000440253048) 
thrown [./open/src/hotspot/share/prims/jni.cpp, line 578]
Event: 0.060 Thread 0x000001de5395c610 Exception <a 'java/lang/NoSuchMethodError'{0x0000000440254240}: 'java.lang.Object java.lang.invoke.DirectMethodHandle$Holder.invokeStatic(java.lang.Object)'> (0x0000000440254240) 
thrown [./open/src/hotspot/share/interpreter/linkResolver.cpp, line 782]
Event: 0.080 Thread 0x000001de5395c610 Exception <a 'java/lang/NoSuchMethodError'{0x00000004402b0828}: 'java.lang.Object java.lang.invoke.DirectMethodHandle$Holder.invokeStaticInit(java.lang.Object)'> (0x00000004402b0828) 
thrown [./open/src/hotspot/share/interpreter/linkResolver.cpp, line 782]
Event: 0.219 Thread 0x000001de5395c610 Exception <a 'java/lang/NoSuchMethodError'{0x0000000440419790}: 'java.lang.Object java.lang.invoke.DirectMethodHandle$Holder.newInvokeSpecial(java.lang.Object, java.lang.Object, java.lang.Object, java.lang.Object, java.lang.Object)'> (0x0000000440419790) 
thrown [./open/src/hotspot/share/interpreter/linkResolver.cpp, line 782]
Event: 0.220 Thread 0x000001de5395c610 Exception <a 'java/lang/NoSuchMethodError'{0x0000000440425220}: 'java.lang.Object java.lang.invoke.DirectMethodHandle$Holder.invokeStatic(java.lang.Object, int, java.lang.Object, java.lang.Object, java.lang.Object, java.lang.Object)'> (0x0000000440425220) 
thrown [./open/src/hotspot/share/interpreter/linkResolver.cpp, line 782]
Event: 0.222 Thread 0x000001de5395c610 Exception <a 'java/lang/NoSuchMethodError'{0x000000044044b4c8}: 'java.lang.Object java.lang.invoke.DirectMethodHandle$Holder.invokeStatic(java.lang.Object, int, java.lang.Object)'> (0x000000044044b4c8) 
thrown [./open/src/hotspot/share/interpreter/linkResolver.cpp, line 782]
Event: 0.233 Thread 0x000001de5395c610 Exception <a 'java/lang/ClassNotFoundException'{0x0000000440503a80}: com/sun/swing/internal/plaf/metal/resources/spi/metalProvider> (0x0000000440503a80) 
thrown [./open/src/hotspot/share/classfile/systemDictionary.cpp, line 295]
Event: 0.234 Thread 0x000001de5395c610 Exception <a 'java/lang/ClassNotFoundException'{0x0000000440507ec0}: com/sun/swing/internal/plaf/basic/resources/spi/basicProvider> (0x0000000440507ec0) 
thrown [./open/src/hotspot/share/classfile/systemDictionary.cpp, line 295]
Event: 0.240 Thread 0x000001de5395c610 Exception <a 'java/lang/NoSuchMethodError'{0x0000000440527f18}: 'void java.lang.invoke.DirectMethodHandle$Holder.invokeStatic(java.lang.Object, java.lang.Object)'> (0x0000000440527f18) 
thrown [./open/src/hotspot/share/interpreter/linkResolver.cpp, line 782]
Event: 0.260 Thread 0x000001de5395c610 Exception <a 'java/lang/NoSuchMethodError'{0x00000004405781c0}: 'void java.lang.invoke.DirectMethodHandle$Holder.invokeStaticInit(java.lang.Object)'> (0x00000004405781c0) 
thrown [./open/src/hotspot/share/interpreter/linkResolver.cpp, line 782]
Event: 0.321 Thread 0x000001de7ee56710 Exception <a 'java/lang/NoSuchMethodError'{0x000000043f9356d0}: 'java.lang.Object java.lang.invoke.DirectMethodHandle$Holder.newInvokeSpecial(java.lang.Object, java.lang.Object, java.lang.Object, int, int, int, int, int)'> (0x000000043f9356d0) 
thrown [./open/src/hotspot/share/interpreter/linkResolver.cpp, line 782]

Events (20 events):
Event: 0.442 loading class java/awt/event/MouseEvent$1 done
Event: 0.536 Loaded shared library C:\Program Files\Java\jdk-15.0.1\bin\java.dll
Event: 0.541 loading class sun/font/CMap$CMapFormat12
Event: 0.541 loading class sun/font/CMap$CMapFormat12 done
Event: 0.649 loading class sun/awt/SunGraphicsCallback$PaintHeavyweightComponentsCallback
Event: 0.649 loading class sun/awt/SunGraphicsCallback$PaintHeavyweightComponentsCallback done
Event: 0.649 loading class sun/awt/windows/TranslucentWindowPainter$VIOptWindowPainter$1
Event: 0.649 loading class sun/awt/windows/TranslucentWindowPainter$VIOptWindowPainter$1 done
Event: 0.656 loading class sun/awt/image/BufImgSurfaceManager
Event: 0.656 loading class sun/awt/image/BufImgSurfaceManager done
Event: 0.656 loading class sun/awt/image/BufImgSurfaceData
Event: 0.656 loading class sun/awt/image/BufImgSurfaceData done
Event: 0.656 loading class sun/awt/image/BufImgSurfaceData$ICMColorData
Event: 0.656 loading class sun/awt/image/BufImgSurfaceData$ICMColorData done
Event: 0.656 loading class sun/java2d/d3d/D3DSurfaceDataProxy
Event: 0.656 loading class sun/java2d/d3d/D3DSurfaceDataProxy done
Event: 0.672 Thread 0x000001de5395c610 Thread exited: 0x000001de5395c610
Event: 0.672 Thread 0x000001de74f609c0 Thread added: 0x000001de74f609c0
Event: 0.678 loading class sun/java2d/SurfaceDataProxy$CountdownTracker
Event: 0.678 loading class sun/java2d/SurfaceDataProxy$CountdownTracker done


Dynamic libraries:
0x00007ff6079b0000 - 0x00007ff6079bf000 	C:\Program Files\Java\jdk-15.0.1\bin\javaw.exe
0x00007ffc86890000 - 0x00007ffc86a86000 	C:\Windows\SYSTEM32\ntdll.dll
0x00007ffc85550000 - 0x00007ffc8560d000 	C:\Windows\System32\KERNEL32.DLL
0x00007ffc84630000 - 0x00007ffc848f8000 	C:\Windows\System32\KERNELBASE.dll
0x00007ffc84160000 - 0x00007ffc84260000 	C:\Windows\System32\ucrtbase.dll
0x00007ffc7fcd0000 - 0x00007ffc7fce8000 	C:\Program Files\Java\jdk-15.0.1\bin\jli.dll
0x00007ffc71410000 - 0x00007ffc71429000 	C:\Program Files\Java\jdk-15.0.1\bin\VCRUNTIME140.dll
0x00007ffc854a0000 - 0x00007ffc8554a000 	C:\Windows\System32\ADVAPI32.dll
0x00007ffc856f0000 - 0x00007ffc8578e000 	C:\Windows\System32\msvcrt.dll
0x00007ffc85790000 - 0x00007ffc8582b000 	C:\Windows\System32\sechost.dll
0x00007ffc858a0000 - 0x00007ffc859c4000 	C:\Windows\System32\RPCRT4.dll
0x00007ffc866b0000 - 0x00007ffc86850000 	C:\Windows\System32\USER32.dll
0x00007ffc84130000 - 0x00007ffc84152000 	C:\Windows\System32\win32u.dll
0x00007ffc84c80000 - 0x00007ffc84caa000 	C:\Windows\System32\GDI32.dll
0x00007ffc7b060000 - 0x00007ffc7b2fb000 	C:\Windows\WinSxS\amd64_microsoft.windows.common-controls_6595b64144ccf1df_6.0.19041.488_none_ca04af081b815d21\COMCTL32.dll
0x00007ffc84450000 - 0x00007ffc84559000 	C:\Windows\System32\gdi32full.dll
0x00007ffc83fe0000 - 0x00007ffc8407d000 	C:\Windows\System32\msvcp_win.dll
0x00007ffc7bbc0000 - 0x00007ffc7bbca000 	C:\Windows\SYSTEM32\VERSION.dll
0x00007ffc84bd0000 - 0x00007ffc84c00000 	C:\Windows\System32\IMM32.DLL
0x00007ffc7fe10000 - 0x00007ffc7fe1c000 	C:\Program Files\Java\jdk-15.0.1\bin\vcruntime140_1.dll
0x00007ffc48690000 - 0x00007ffc48721000 	C:\Program Files\Java\jdk-15.0.1\bin\msvcp140.dll
0x00007ffc47210000 - 0x00007ffc47d6e000 	C:\Program Files\Java\jdk-15.0.1\bin\server\jvm.dll
0x00007ffc85a30000 - 0x00007ffc85a38000 	C:\Windows\System32\PSAPI.DLL
0x00007ffc7b880000 - 0x00007ffc7b8a7000 	C:\Windows\SYSTEM32\WINMM.dll
0x00007ffc7fd20000 - 0x00007ffc7fd29000 	C:\Windows\SYSTEM32\WSOCK32.dll
0x00007ffc84cb0000 - 0x00007ffc84d1b000 	C:\Windows\System32\WS2_32.dll
0x00007ffc82910000 - 0x00007ffc82922000 	C:\Windows\SYSTEM32\kernel.appcore.dll
0x00007ffc7d5c0000 - 0x00007ffc7d5ca000 	C:\Program Files\Java\jdk-15.0.1\bin\jimage.dll
0x00007ffc6e450000 - 0x00007ffc6e634000 	C:\Windows\SYSTEM32\DBGHELP.DLL
0x00007ffc6c5f0000 - 0x00007ffc6c61c000 	C:\Windows\SYSTEM32\dbgcore.DLL
0x00007ffc845b0000 - 0x00007ffc8462f000 	C:\Windows\System32\bcryptPrimitives.dll
0x00007ffc713e0000 - 0x00007ffc71405000 	C:\Program Files\Java\jdk-15.0.1\bin\java.dll
0x00007ffc85b20000 - 0x00007ffc86260000 	C:\Windows\System32\SHELL32.dll
0x00007ffc82130000 - 0x00007ffc828c4000 	C:\Windows\SYSTEM32\windows.storage.dll
0x00007ffc862c0000 - 0x00007ffc86615000 	C:\Windows\System32\combase.dll
0x00007ffc83a50000 - 0x00007ffc83a7c000 	C:\Windows\SYSTEM32\Wldp.dll
0x00007ffc85a70000 - 0x00007ffc85b1e000 	C:\Windows\System32\SHCORE.dll
0x00007ffc859d0000 - 0x00007ffc85a25000 	C:\Windows\System32\shlwapi.dll
0x00007ffc83f10000 - 0x00007ffc83f36000 	C:\Windows\SYSTEM32\profapi.dll
0x00007ffc48250000 - 0x00007ffc483d0000 	C:\Program Files\Java\jdk-15.0.1\bin\awt.dll
0x00007ffc84e30000 - 0x00007ffc84efd000 	C:\Windows\System32\OLEAUT32.dll
0x00007ffc817f0000 - 0x00007ffc81880000 	C:\Windows\SYSTEM32\apphelp.dll
0x00007ffc81b90000 - 0x00007ffc81bbf000 	C:\Windows\system32\DWMAPI.DLL
0x00007ffc81920000 - 0x00007ffc819bf000 	C:\Windows\system32\uxtheme.dll
0x00007ffc76ad0000 - 0x00007ffc76bf5000 	C:\Windows\system32\opengl32.dll
0x00007ffc7aff0000 - 0x00007ffc7b01c000 	C:\Windows\SYSTEM32\GLU32.dll
0x00007ffc84ab0000 - 0x00007ffc84bc5000 	C:\Windows\System32\MSCTF.dll
0x00007ffc84f00000 - 0x00007ffc8502a000 	C:\Windows\System32\ole32.dll
0x00007ffc75a50000 - 0x00007ffc75c1e000 	C:\Windows\system32\d3d9.dll
0x00007ffc46520000 - 0x00007ffc46622000 	C:\Windows\System32\DriverStore\FileRepository\nv_dispi.inf_amd64_5dcb5bbf5c3edcf2\nvldumdx.dll
0x00007ffc83bd0000 - 0x00007ffc83be2000 	C:\Windows\SYSTEM32\msasn1.dll
0x00007ffc7b020000 - 0x00007ffc7b051000 	C:\Windows\SYSTEM32\cryptnet.dll
0x00007ffc842f0000 - 0x00007ffc8444d000 	C:\Windows\System32\CRYPT32.dll
0x00007ffc839c0000 - 0x00007ffc839cc000 	C:\Windows\SYSTEM32\cryptbase.dll
0x00007ffc84260000 - 0x00007ffc842c0000 	C:\Windows\System32\WINTRUST.DLL
0x00007ffc85a40000 - 0x00007ffc85a5d000 	C:\Windows\System32\imagehlp.dll
0x00007ffc839a0000 - 0x00007ffc839b8000 	C:\Windows\SYSTEM32\CRYPTSP.dll
0x00007ffc830f0000 - 0x00007ffc83124000 	C:\Windows\system32\rsaenh.dll
0x00007ffc842c0000 - 0x00007ffc842e7000 	C:\Windows\System32\bcrypt.dll
0x00007ffbf92f0000 - 0x00007ffbfad0c000 	C:\Windows\System32\DriverStore\FileRepository\nv_dispi.inf_amd64_5dcb5bbf5c3edcf2\nvd3dumx.dll
0x00007ffc828e0000 - 0x00007ffc82903000 	C:\Windows\SYSTEM32\gpapi.dll
0x00007ffc7bce0000 - 0x00007ffc7bd1b000 	C:\Windows\SYSTEM32\dxcore.dll
0x00007ffc84560000 - 0x00007ffc845ae000 	C:\Windows\System32\cfgmgr32.dll
0x00007ffc6b3b0000 - 0x00007ffc6b435000 	C:\Program Files\Java\jdk-15.0.1\bin\freetype.dll
0x00007ffc481a0000 - 0x00007ffc48249000 	C:\Program Files\Java\jdk-15.0.1\bin\fontmanager.dll
0x00007ffc74930000 - 0x00007ffc74a2c000 	C:\Windows\SYSTEM32\textinputframework.dll
0x00007ffc815c0000 - 0x00007ffc816b2000 	C:\Windows\System32\CoreMessaging.dll
0x00007ffc81260000 - 0x00007ffc815be000 	C:\Windows\System32\CoreUIComponents.dll
0x00007ffc82d20000 - 0x00007ffc82d53000 	C:\Windows\SYSTEM32\ntmarta.dll
0x00007ffc80b90000 - 0x00007ffc80ce6000 	C:\Windows\SYSTEM32\wintypes.dll
0x00007ffc71380000 - 0x00007ffc71398000 	C:\Program Files\Java\jdk-15.0.1\bin\zip.dll
0x00007ffc713c0000 - 0x00007ffc713d9000 	C:\Program Files\Java\jdk-15.0.1\bin\net.dll
0x00007ffc7ed10000 - 0x00007ffc7ee10000 	C:\Windows\SYSTEM32\WINHTTP.dll
0x00007ffc837d0000 - 0x00007ffc8383a000 	C:\Windows\system32\mswsock.dll
0x00007ffc713a0000 - 0x00007ffc713b2000 	C:\Program Files\Java\jdk-15.0.1\bin\nio.dll

dbghelp: loaded successfully - version: 4.0.5 - missing functions: none
symbol engine: initialized successfully - sym options: 0x614 - pdb path: .;C:\Program Files\Java\jdk-15.0.1\bin;C:\Windows\SYSTEM32;C:\Windows\WinSxS\amd64_microsoft.windows.common-controls_6595b64144ccf1df_6.0.19041.488_none_ca04af081b815d21;C:\Program Files\Java\jdk-15.0.1\bin\server;C:\Windows\System32\DriverStore\FileRepository\nv_dispi.inf_amd64_5dcb5bbf5c3edcf2

VM Arguments:
jvm_args: -Dfile.encoding=Cp1252 -XX:+ShowCodeDetailsInExceptionMessages 
java_command: application.CalculatorMain
java_class_path (initial): C:\dev\git\calculator\bin
Launcher Type: SUN_STANDARD

[Global flags]
     intx CICompilerCount                          = 4                                         {product} {ergonomic}
     uint ConcGCThreads                            = 3                                         {product} {ergonomic}
     uint G1ConcRefinementThreads                  = 10                                        {product} {ergonomic}
   size_t G1HeapRegionSize                         = 8388608                                   {product} {ergonomic}
    uintx GCDrainStackTargetSize                   = 64                                        {product} {ergonomic}
   size_t InitialHeapSize                          = 1073741824                                {product} {ergonomic}
   size_t MarkStackSize                            = 4194304                                   {product} {ergonomic}
   size_t MaxHeapSize                              = 17171480576                               {product} {ergonomic}
   size_t MaxNewSize                               = 10301210624                               {product} {ergonomic}
   size_t MinHeapDeltaBytes                        = 8388608                                   {product} {ergonomic}
   size_t MinHeapSize                              = 8388608                                   {product} {ergonomic}
    uintx NonNMethodCodeHeapSize                   = 5839372                                {pd product} {ergonomic}
    uintx NonProfiledCodeHeapSize                  = 122909434                              {pd product} {ergonomic}
    uintx ProfiledCodeHeapSize                     = 122909434                              {pd product} {ergonomic}
    uintx ReservedCodeCacheSize                    = 251658240                              {pd product} {ergonomic}
     bool SegmentedCodeCache                       = true                                      {product} {ergonomic}
     bool ShowCodeDetailsInExceptionMessages       = true                                   {manageable} {command line}
   size_t SoftMaxHeapSize                          = 17171480576                            {manageable} {ergonomic}
     bool UseCompressedClassPointers               = true                                 {lp64_product} {ergonomic}
     bool UseCompressedOops                        = true                                 {lp64_product} {ergonomic}
     bool UseG1GC                                  = true                                      {product} {ergonomic}
     bool UseLargePagesIndividualAllocation        = false                                  {pd product} {ergonomic}

Logging:
Log output configuration:
 #0: stdout all=warning uptime,level,tags
 #1: stderr all=off uptime,level,tags

Environment Variables:
PATH=C:\Program Files (x86)\Common Files\Intel\Shared Libraries\redist\intel64\compiler;C:\Program Files\Common Files\Oracle\Java\javapath;C:\Windows\system32;C:\Windows;C:\Windows\System32\Wbem;C:\Windows\System32\WindowsPowerShell\v1.0\;C:\Windows\System32\OpenSSH\;C:\Program Files\Git\cmd;C:\Program Files\dotnet\;C:\Program Files (x86)\NVIDIA Corporation\PhysX\Common;C:\Users\hoops\AppData\Local\Microsoft\WindowsApps;;C:\Users\hoops\AppData\Local\Programs\Microsoft VS Code\bin
USERNAME=hoops
OS=Windows_NT
PROCESSOR_IDENTIFIER=AMD64 Family 25 Model 33 Stepping 0, AuthenticAMD



---------------  S Y S T E M  ---------------

OS:
 Windows 10 , 64 bit Build 19041 (10.0.19041.546)
OS uptime: 0 days 19:41 hours

CPU: total 12 (initial active 12) (12 cores per cpu, 2 threads per core) family 25 model 33 stepping 0 microcode 0x0, cmov, cx8, fxsr, mmx, sse, sse2, sse3, ssse3, sse4.1, sse4.2, popcnt, vzeroupper, avx, avx2, aes, clmul, erms, 3dnowpref, lzcnt, sse4a, ht, tsc, tscinvbit, tscinv, bmi1, bmi2, adx, sha, fma, clflush, clflushopt

Memory: 4k page, system-wide physical 65480M (46026M free)
TotalPageFile size 184637M (AvailPageFile size 3M)
current process WorkingSet (physical memory assigned to process): 140M, peak: 140M
current process commit charge ("private bytes"): 1206M, peak: 1216M

vm_info: Java HotSpot(TM) 64-Bit Server VM (15.0.1+9-18) for windows-amd64 JRE (15.0.1+9-18), built on Sep 15 2020 14:43:54 by "mach5one" with unknown MS VC++:1925

END.
