#
# There is insufficient memory for the Java Runtime Environment to continue.
# Native memory allocation (mmap) failed to map 1073741824 bytes for G1 virtual space
# Possible reasons:
#   The system is out of physical RAM or swap space
#   The process is running with CompressedOops enabled, and the Java Heap may be blocking the growth of the native heap
# Possible solutions:
#   Reduce memory load on the system
#   Increase physical memory or swap space
#   Check if swap backing store is full
#   Decrease Java heap size (-Xmx/-Xms)
#   Decrease number of Java threads
#   Decrease Java thread stack sizes (-Xss)
#   Set larger code cache with -XX:ReservedCodeCacheSize=
#   JVM is running with Zero Based Compressed Oops mode in which the Java heap is
#     placed in the first 32GB address space. The Java Heap base address is the
#     maximum limit for the native heap growth. Please use -XX:HeapBaseMinAddress
#     to set the Java Heap base and to place the Java Heap above 32GB virtual address.
# This output file may be truncated or incomplete.
#
#  Out of Memory Error (./open/src/hotspot/os/windows/os_windows.cpp:3472), pid=4156, tid=5004
#
# JRE version:  (15.0.1+9) (build )
# Java VM: Java HotSpot(TM) 64-Bit Server VM (15.0.1+9-18, mixed mode, sharing, tiered, compressed oops, g1 gc, windows-amd64)
# No core dump will be written. Minidumps are not enabled by default on client versions of Windows
#

---------------  S U M M A R Y ------------

Command Line: -Dfile.encoding=Cp1252 -XX:+ShowCodeDetailsInExceptionMessages application.CalculatorMain

Host: AMD Ryzen 5 5600X 6-Core Processor             , 12 cores, 63G,  Windows 10 , 64 bit Build 19041 (10.0.19041.546)
Time: Mon Nov 16 00:28:05 2020 Romance Standard Time elapsed time: 0.009786 seconds (0d 0h 0m 0s)

---------------  T H R E A D  ---------------

Current thread (0x00000281ef3fdff0):  JavaThread "Unknown thread" [_thread_in_vm, id=5004, stack(0x000000b37d300000,0x000000b37d400000)]

Stack: [0x000000b37d300000,0x000000b37d400000]
Native frames: (J=compiled Java code, j=interpreted, Vv=VM code, C=native code)
V  [jvm.dll+0x62ae9a]
V  [jvm.dll+0x781389]
V  [jvm.dll+0x782ae3]
V  [jvm.dll+0x783143]
V  [jvm.dll+0x216265]
V  [jvm.dll+0x6281d9]
V  [jvm.dll+0x61cd15]
V  [jvm.dll+0x2d01fd]
V  [jvm.dll+0x2d0062]
V  [jvm.dll+0x2d603c]
V  [jvm.dll+0x325b2a]
V  [jvm.dll+0x3251f4]
V  [jvm.dll+0x2a717a]
V  [jvm.dll+0x2a8318]
V  [jvm.dll+0x75e101]
V  [jvm.dll+0x3343e4]
V  [jvm.dll+0x73e826]
V  [jvm.dll+0x3b7777]
V  [jvm.dll+0x3b9201]
C  [jli.dll+0x52fb]
C  [ucrtbase.dll+0x214c2]
C  [KERNEL32.DLL+0x17034]
C  [ntdll.dll+0x4cec1]


---------------  P R O C E S S  ---------------

Threads class SMR info:
_java_thread_list=0x00007ffc47cd4ff0, length=0, elements={
}

Java Threads: ( => current thread )

Other Threads:
  0x00000281f15f7da0 GCTaskThread "GC Thread#0" [stack: 0x000000b37d400000,0x000000b37d500000] [id=20984]
  0x00000281f16057e0 ConcurrentGCThread "G1 Main Marker" [stack: 0x000000b37d500000,0x000000b37d600000] [id=9780]
  0x00000281ffd124c0 ConcurrentGCThread "G1 Conc#0" [stack: 0x000000b37d600000,0x000000b37d700000] [id=6536]

[error occurred during error reporting (printing all threads), id 0xc0000005, EXCEPTION_ACCESS_VIOLATION (0xc0000005) at pc=0x00007ffc474c8047]

VM state: not at safepoint (not fully initialized)

VM Mutex/Monitor currently owned by a thread:  ([mutex/lock_event])
[0x00000281ef3fa890] Heap_lock - owner thread: 0x00000281ef3fdff0

Heap address: 0x0000000400800000, size: 16376 MB, Compressed Oops mode: Zero based, Oop shift amount: 3
CDS archive(s) mapped at: [0x0000000000000000-0x0000000000000000-0x0000000000000000), size 0, SharedBaseAddress: 0x0000000800000000, ArchiveRelocationMode: 0.
Narrow klass base: 0x0000000000000000, Narrow klass shift: 0, Narrow klass range: 0x0

Heap:
 garbage-first heap   total 1048576K, used 0K [0x0000000400800000, 0x0000000800000000)
  region size 8192K, 0 young (0K), 0 survivors (0K)
 Metaspace       used 0K, capacity 0K, committed 0K, reserved 0K
  class space    used 0K, capacity 0K, committed 0K, reserved 0K

Heap Regions: E=young(eden), S=young(survivor), O=old, HS=humongous(starts), HC=humongous(continues), CS=collection set, F=free, OA=open archive, CA=closed archive, TAMS=top-at-mark-start (previous, next)

Card table byte_map: [0x00000281fbcd0000,0x00000281fdcd0000] _byte_map_base: 0x00000281f9ccc000

Marking Bits (Prev, Next): (CMBitMap*) 0x00000281f15f8610, (CMBitMap*) 0x00000281f15f8650
 Prev Bits: [0x000002818f000000, 0x000002819efe0000)
 Next Bits: [0x000002819efe0000, 0x00000281aefc0000)

GC Heap History (0 events):
No events

Deoptimization events (0 events):
No events

Classes unloaded (0 events):
No events

Classes redefined (0 events):
No events

Internal exceptions (0 events):
No events

Events (1 events):
Event: 0.003 Loaded shared library C:\Program Files\Java\jdk-15.0.1\bin\java.dll


Dynamic libraries:
0x00007ff6079b0000 - 0x00007ff6079bf000 	C:\Program Files\Java\jdk-15.0.1\bin\javaw.exe
0x00007ffc86890000 - 0x00007ffc86a86000 	C:\Windows\SYSTEM32\ntdll.dll
0x00007ffc85550000 - 0x00007ffc8560d000 	C:\Windows\System32\KERNEL32.DLL
0x00007ffc84630000 - 0x00007ffc848f8000 	C:\Windows\System32\KERNELBASE.dll
0x00007ffc84160000 - 0x00007ffc84260000 	C:\Windows\System32\ucrtbase.dll
0x00007ffc7fcd0000 - 0x00007ffc7fce8000 	C:\Program Files\Java\jdk-15.0.1\bin\jli.dll
0x00007ffc71410000 - 0x00007ffc71429000 	C:\Program Files\Java\jdk-15.0.1\bin\VCRUNTIME140.dll
0x00007ffc854a0000 - 0x00007ffc8554a000 	C:\Windows\System32\ADVAPI32.dll
0x00007ffc856f0000 - 0x00007ffc8578e000 	C:\Windows\System32\msvcrt.dll
0x00007ffc85790000 - 0x00007ffc8582b000 	C:\Windows\System32\sechost.dll
0x00007ffc858a0000 - 0x00007ffc859c4000 	C:\Windows\System32\RPCRT4.dll
0x00007ffc866b0000 - 0x00007ffc86850000 	C:\Windows\System32\USER32.dll
0x00007ffc7b060000 - 0x00007ffc7b2fb000 	C:\Windows\WinSxS\amd64_microsoft.windows.common-controls_6595b64144ccf1df_6.0.19041.488_none_ca04af081b815d21\COMCTL32.dll
0x00007ffc84130000 - 0x00007ffc84152000 	C:\Windows\System32\win32u.dll
0x00007ffc84c80000 - 0x00007ffc84caa000 	C:\Windows\System32\GDI32.dll
0x00007ffc84450000 - 0x00007ffc84559000 	C:\Windows\System32\gdi32full.dll
0x00007ffc83fe0000 - 0x00007ffc8407d000 	C:\Windows\System32\msvcp_win.dll
0x00007ffc7bbc0000 - 0x00007ffc7bbca000 	C:\Windows\SYSTEM32\VERSION.dll
0x00007ffc84bd0000 - 0x00007ffc84c00000 	C:\Windows\System32\IMM32.DLL
0x00007ffc7fe10000 - 0x00007ffc7fe1c000 	C:\Program Files\Java\jdk-15.0.1\bin\vcruntime140_1.dll
0x00007ffc48690000 - 0x00007ffc48721000 	C:\Program Files\Java\jdk-15.0.1\bin\msvcp140.dll
0x00007ffc47210000 - 0x00007ffc47d6e000 	C:\Program Files\Java\jdk-15.0.1\bin\server\jvm.dll
0x00007ffc85a30000 - 0x00007ffc85a38000 	C:\Windows\System32\PSAPI.DLL
0x00007ffc7b880000 - 0x00007ffc7b8a7000 	C:\Windows\SYSTEM32\WINMM.dll
0x00007ffc7fd20000 - 0x00007ffc7fd29000 	C:\Windows\SYSTEM32\WSOCK32.dll
0x00007ffc84cb0000 - 0x00007ffc84d1b000 	C:\Windows\System32\WS2_32.dll
0x00007ffc82910000 - 0x00007ffc82922000 	C:\Windows\SYSTEM32\kernel.appcore.dll
0x00007ffc7d5c0000 - 0x00007ffc7d5ca000 	C:\Program Files\Java\jdk-15.0.1\bin\jimage.dll
0x00007ffc6e450000 - 0x00007ffc6e634000 	C:\Windows\SYSTEM32\DBGHELP.DLL
0x00007ffc6c5f0000 - 0x00007ffc6c61c000 	C:\Windows\SYSTEM32\dbgcore.DLL
0x00007ffc845b0000 - 0x00007ffc8462f000 	C:\Windows\System32\bcryptPrimitives.dll
0x00007ffc713e0000 - 0x00007ffc71405000 	C:\Program Files\Java\jdk-15.0.1\bin\java.dll

dbghelp: loaded successfully - version: 4.0.5 - missing functions: none
symbol engine: initialized successfully - sym options: 0x614 - pdb path: .;C:\Program Files\Java\jdk-15.0.1\bin;C:\Windows\SYSTEM32;C:\Windows\WinSxS\amd64_microsoft.windows.common-controls_6595b64144ccf1df_6.0.19041.488_none_ca04af081b815d21;C:\Program Files\Java\jdk-15.0.1\bin\server

VM Arguments:
jvm_args: -Dfile.encoding=Cp1252 -XX:+ShowCodeDetailsInExceptionMessages 
java_command: application.CalculatorMain
java_class_path (initial): C:\dev\git\calculator\bin
Launcher Type: SUN_STANDARD

[Global flags]
     intx CICompilerCount                          = 4                                         {product} {ergonomic}
     uint ConcGCThreads                            = 3                                         {product} {ergonomic}
     uint G1ConcRefinementThreads                  = 10                                        {product} {ergonomic}
   size_t G1HeapRegionSize                         = 8388608                                   {product} {ergonomic}
    uintx GCDrainStackTargetSize                   = 64                                        {product} {ergonomic}
   size_t InitialHeapSize                          = 1073741824                                {product} {ergonomic}
   size_t MarkStackSize                            = 4194304                                   {product} {ergonomic}
   size_t MaxHeapSize                              = 17171480576                               {product} {ergonomic}
   size_t MinHeapDeltaBytes                        = 8388608                                   {product} {ergonomic}
   size_t MinHeapSize                              = 8388608                                   {product} {ergonomic}
    uintx NonNMethodCodeHeapSize                   = 5839372                                {pd product} {ergonomic}
    uintx NonProfiledCodeHeapSize                  = 122909434                              {pd product} {ergonomic}
    uintx ProfiledCodeHeapSize                     = 122909434                              {pd product} {ergonomic}
    uintx ReservedCodeCacheSize                    = 251658240                              {pd product} {ergonomic}
     bool SegmentedCodeCache                       = true                                      {product} {ergonomic}
     bool ShowCodeDetailsInExceptionMessages       = true                                   {manageable} {command line}
   size_t SoftMaxHeapSize                          = 17171480576                            {manageable} {ergonomic}
     bool UseCompressedClassPointers               = true                                 {lp64_product} {ergonomic}
     bool UseCompressedOops                        = true                                 {lp64_product} {ergonomic}
     bool UseG1GC                                  = true                                      {product} {ergonomic}
     bool UseLargePagesIndividualAllocation        = false                                  {pd product} {ergonomic}

Logging:
Log output configuration:
 #0: stdout all=warning uptime,level,tags
 #1: stderr all=off uptime,level,tags

Environment Variables:
PATH=C:\Program Files (x86)\Common Files\Intel\Shared Libraries\redist\intel64\compiler;C:\Program Files\Common Files\Oracle\Java\javapath;C:\Windows\system32;C:\Windows;C:\Windows\System32\Wbem;C:\Windows\System32\WindowsPowerShell\v1.0\;C:\Windows\System32\OpenSSH\;C:\Program Files\Git\cmd;C:\Program Files\dotnet\;C:\Program Files (x86)\NVIDIA Corporation\PhysX\Common;C:\Users\hoops\AppData\Local\Microsoft\WindowsApps;;C:\Users\hoops\AppData\Local\Programs\Microsoft VS Code\bin
USERNAME=hoops
OS=Windows_NT
PROCESSOR_IDENTIFIER=AMD64 Family 25 Model 33 Stepping 0, AuthenticAMD



---------------  S Y S T E M  ---------------

OS:
 Windows 10 , 64 bit Build 19041 (10.0.19041.546)
OS uptime: 0 days 19:42 hours

CPU: total 12 (initial active 12) (12 cores per cpu, 2 threads per core) family 25 model 33 stepping 0 microcode 0x0, cmov, cx8, fxsr, mmx, sse, sse2, sse3, ssse3, sse4.1, sse4.2, popcnt, vzeroupper, avx, avx2, aes, clmul, erms, 3dnowpref, lzcnt, sse4a, ht, tsc, tscinvbit, tscinv, bmi1, bmi2, adx, sha, fma, clflush, clflushopt

Memory: 4k page, system-wide physical 65480M (46255M free)
TotalPageFile size 184637M (AvailPageFile size 605M)
current process WorkingSet (physical memory assigned to process): 10M, peak: 10M
current process commit charge ("private bytes"): 65M, peak: 1089M

vm_info: Java HotSpot(TM) 64-Bit Server VM (15.0.1+9-18) for windows-amd64 JRE (15.0.1+9-18), built on Sep 15 2020 14:43:54 by "mach5one" with unknown MS VC++:1925

END.
